/videos/78dd7b85-9cfc-448d-b8ba-e8aea06813dc/hls1/main/0.ts

{"Protocol":0,"Id":"78dd7b859cfc448db8bae8aea06813dc","Path":"/data/lectures/Downloads/Microsoft Office PRO Plus 2021 Retail Version 2108 Build 14326.20454 FULL [TheWindowsForum.com]/ProPlus2021Retail.img","EncoderPath":null,"EncoderProtocol":null,"Type":0,"Container":"image2","Size":4510248960,"Name":"ProPlus2021Retail/ISO","IsRemote":false,"ETag":"908a0fb95621e28ac5e5859d8d59126f","RunTimeTicks":400000,"ReadAtNativeFramerate":false,"IgnoreDts":false,"IgnoreIndex":false,"GenPtsInput":false,"SupportsTranscoding":true,"SupportsDirectStream":false,"SupportsDirectPlay":true,"IsInfiniteStream":false,"RequiresOpening":false,"OpenToken":null,"RequiresClosing":false,"LiveStreamId":null,"BufferMs":null,"RequiresLooping":false,"SupportsProbing":true,"VideoType":1,"IsoType":null,"Video3DFormat":null,"MediaStreams":[{"Codec":"gem","CodecTag":null,"Language":null,"ColorRange":null,"ColorSpace":null,"ColorTransfer":null,"ColorPrimaries":null,"DvVersionMajor":null,"DvVersionMinor":null,"DvProfile":null,"DvLevel":null,"RpuPresentFlag":null,"ElPresentFlag":null,"BlPresentFlag":null,"DvBlSignalCompatibilityId":null,"Comment":null,"TimeBase":"1/25","CodecTimeBase":null,"Title":null,"VideoRange":"SDR","VideoRangeType":"SDR","VideoDoViTitle":null,"LocalizedUndefined":null,"LocalizedDefault":null,"LocalizedForced":null,"LocalizedExternal":null,"DisplayTitle":"144p GEM SDR","NalLengthSize":null,"IsInterlaced":false,"IsAVC":null,"ChannelLayout":null,"BitRate":null,"BitDepth":null,"RefFrames":1,"PacketLength":null,"Channels":null,"SampleRate":null,"IsDefault":false,"IsForced":false,"Height":0,"Width":0,"AverageFrameRate":25,"RealFrameRate":25,"Profile":null,"Type":1,"AspectRatio":null,"Index":0,"Score":null,"IsExternal":false,"DeliveryMethod":null,"DeliveryUrl":null,"IsExternalUrl":null,"IsTextSubtitleStream":false,"SupportsExternalStream":false,"Path":null,"PixelFormat":null,"Level":-99,"IsAnamorphic":null}],"MediaAttachments":[],"Formats":[],"Bitrate":null,"Timestamp":null,"RequiredHttpHeaders":{},"TranscodingUrl":null,"TranscodingSubProtocol":null,"TranscodingContainer":null,"AnalyzeDurationMs":null,"DefaultAudioStreamIndex":null,"DefaultSubtitleStreamIndex":null}

/usr/lib/jellyfin-ffmpeg/ffmpeg -analyzeduration 200M -f image2 -autorotate 0 -i file:"/data/lectures/Downloads/Microsoft Office PRO Plus 2021 Retail Version 2108 Build 14326.20454 FULL [TheWindowsForum.com]/ProPlus2021Retail.img" -map_metadata -1 -map_chapters -1 -threads 0 -map 0:0 -map -0:a -map -0:s -codec:v:0 libx264 -preset veryfast -crf 23 -maxrate 139808000 -bufsize 279616000 -profile:v:0 high -level 51 -x264opts:0 subme=0:me_range=4:rc_lookahead=10:me=dia:no_chroma_me:8x8dct=0:partitions=none -force_key_frames:0 "expr:gte(t,0+n_forced*3)" -sc_threshold:v:0 0 -vf "setparams=color_primaries=bt709:color_trc=bt709:colorspace=bt709,format=yuv420p"  -copyts -avoid_negative_ts disabled -max_muxing_queue_size 2048 -f hls -max_delay 5000000 -hls_time 3 -hls_segment_type mpegts -start_number 0 -hls_segment_filename "/config/data/transcodes/3fa6c882f664dfa024d0f16f0a8aa78d%d.ts" -hls_playlist_type vod -hls_list_size 0 -y "/config/data/transcodes/3fa6c882f664dfa024d0f16f0a8aa78d.m3u8"


ffmpeg version 5.1.2-Jellyfin Copyright (c) 2000-2022 the FFmpeg developers
  built with gcc 9 (Ubuntu 9.4.0-1ubuntu1~20.04.1)
  configuration: --prefix=/usr/lib/jellyfin-ffmpeg --target-os=linux --extra-libs=-lfftw3f --extra-version=Jellyfin --disable-doc --disable-ffplay --disable-ptx-compression --disable-shared --disable-libxcb --disable-sdl2 --disable-xlib --enable-lto --enable-gpl --enable-version3 --enable-static --enable-gmp --enable-gnutls --enable-chromaprint --enable-libdrm --enable-libass --enable-libfreetype --enable-libfribidi --enable-libfontconfig --enable-libbluray --enable-libmp3lame --enable-libopus --enable-libtheora --enable-libvorbis --enable-libdav1d --enable-libwebp --enable-libvpx --enable-libx264 --enable-libx265 --enable-libzvbi --enable-libzimg --enable-libfdk-aac --arch=amd64 --enable-libsvtav1 --enable-libshaderc --enable-libplacebo --enable-vulkan --enable-opencl --enable-vaapi --enable-amf --enable-libmfx --enable-ffnvcodec --enable-cuda --enable-cuda-llvm --enable-cuvid --enable-nvdec --enable-nvenc
  libavutil      57. 28.100 / 57. 28.100
  libavcodec     59. 37.100 / 59. 37.100
  libavformat    59. 27.100 / 59. 27.100
  libavdevice    59.  7.100 / 59.  7.100
  libavfilter     8. 44.100 /  8. 44.100
  libswscale      6.  7.100 /  6.  7.100
  libswresample   4.  7.100 /  4.  7.100
  libpostproc    56.  6.100 / 56.  6.100
[image2 @ 0x56301e3348c0] Could not find codec parameters for stream 0 (Video: gem, none): unspecified size
Consider increasing the value for the 'analyzeduration' (200000000) and 'probesize' (5000000) options
Input #0, image2, from 'file:/data/lectures/Downloads/Microsoft Office PRO Plus 2021 Retail Version 2108 Build 14326.20454 FULL [TheWindowsForum.com]/ProPlus2021Retail.img':
  Duration: 00:00:00.04, start: 0.000000, bitrate: N/A
  Stream #0:0: Video: gem, none, 25 fps, 25 tbr, 25 tbn
Stream mapping:
  Stream #0:0 -> #0:0 (gem (native) -> h264 (libx264))
Press [q] to stop, [?] for help
Error while decoding stream #0:0: Invalid data found when processing input
Cannot determine format of input stream 0:0 after EOF
Error marking filters as finished
Conversion failed!